#
# A fatal error has been detected by the Java Runtime Environment:
#
#  EXCEPTION_ACCESS_VIOLATION (0xc0000005) at pc=0x0000000051b08b35, pid=19384, tid=16836
#
# JRE version: Java(TM) SE Runtime Environment (8.0_66-b18) (build 1.8.0_66-b18)
# Java VM: Java HotSpot(TM) 64-Bit Server VM (25.66-b18 mixed mode windows-amd64 compressed oops)
# Problematic frame:
# V  [jvm.dll+0x128b35]
#
# Failed to write core dump. Minidumps are not enabled by default on client versions of Windows
#
# If you would like to submit a bug report, please visit:
#   http://bugreport.java.com/bugreport/crash.jsp
#

---------------  T H R E A D  ---------------

Current thread (0x000000001c93d000):  JavaThread "JDWP Transport Listener: dt_socket" daemon [_thread_in_vm, id=16836, stack(0x000000001e1d0000,0x000000001e2d0000)]

siginfo: ExceptionCode=0xc0000005, reading address 0xffffffffffffffff

Registers:
RAX=0x000000001e2cf401, RBX=0x000000001c93d000, RCX=0x616665442f656372, RDX=0x0000000000000000
RSP=0x000000001e2cf480, RBP=0x616665442f656372, RSI=0x000000001e2cf598, RDI=0x00000000031ee750
R8 =0x000000001c93d000, R9 =0x0000000000008000, R10=0x0000000000000000, R11=0x000000001efadb32
R12=0x0000000000000000, R13=0x000000001c931be8, R14=0x0000000000000000, R15=0x0000000000000000
RIP=0x0000000051b08b35, EFLAGS=0x0000000000010206

Top of Stack: (sp=0x000000001e2cf480)
0x000000001e2cf480:   000000001c93d000 000000001c93d000
0x000000001e2cf490:   000000001e2cf548 0000000051d0e2eb
0x000000001e2cf4a0:   000000001c93d000 0000000051d2ab4d
0x000000001e2cf4b0:   0000000000000000 0000000050939155
0x000000001e2cf4c0:   0000000022ce5c08 000000005094291e
0x000000001e2cf4d0:   000000001c93d000 0000000000000000
0x000000001e2cf4e0:   0000000000000000 0000000000000000
0x000000001e2cf4f0:   616665442f656372 0000000050941a15
0x000000001e2cf500:   000000001e2cf598 000000001e2cf570
0x000000001e2cf510:   0000000000000001 0000000022ce5c08
0x000000001e2cf520:   616665442f656372 00000000509253b3
0x000000001e2cf530:   000000001e2cf660 0000000000000001
0x000000001e2cf540:   0000000000000001 0000000022ce5c08
0x000000001e2cf550:   00000000f000100a 0000000000000000
0x000000001e2cf560:   0000000000000000 0000000000000000
0x000000001e2cf570:   0000000000000001 0000000050925571 

Instructions: (pc=0x0000000051b08b35)
0x0000000051b08b15:   cc cc cc cc cc cc cc cc cc cc cc 48 83 ec 28 48
0x0000000051b08b25:   85 c9 75 07 33 c0 48 83 c4 28 c3 48 89 5c 24 20
0x0000000051b08b35:   48 8b 19 48 85 db 74 20 48 83 fb 37 74 1a 48 8b
0x0000000051b08b45:   13 48 8b cb ff 52 10 84 c0 74 0d 48 8b c3 48 8b 


Register to memory mapping:

RAX=0x000000001e2cf401 is pointing into the stack for thread: 0x000000001c93d000
RBX=0x000000001c93d000 is a thread
RCX=0x616665442f656372 is an unknown value
RDX=0x0000000000000000 is an unknown value
RSP=0x000000001e2cf480 is pointing into the stack for thread: 0x000000001c93d000
RBP=0x616665442f656372 is an unknown value
RSI=0x000000001e2cf598 is pointing into the stack for thread: 0x000000001c93d000
RDI=0x00000000031ee750 is an unknown value
R8 =0x000000001c93d000 is a thread
R9 =0x0000000000008000 is an unknown value
R10=0x0000000000000000 is an unknown value
R11=0x000000001efadb32 is an unknown value
R12=0x0000000000000000 is an unknown value
R13=0x000000001c931be8 is an unknown value
R14=0x0000000000000000 is an unknown value
R15=0x0000000000000000 is an unknown value


Stack: [0x000000001e1d0000,0x000000001e2d0000],  sp=0x000000001e2cf480,  free space=1021k
Native frames: (J=compiled Java code, j=interpreted, Vv=VM code, C=native code)
V  [jvm.dll+0x128b35]
V  [jvm.dll+0x34ab4d]
C  [jdwp.dll+0x21a15]
C  [jdwp.dll+0x53b3]
C  [jdwp.dll+0x5571]
C  [jdwp.dll+0xf0a8]
C  [jdwp.dll+0x1f2d5]
C  [jdwp.dll+0x1f4aa]
V  [jvm.dll+0x1bba28]
V  [jvm.dll+0x243274]
V  [jvm.dll+0x29a0fa]
C  [msvcr100.dll+0x21d9f]
C  [msvcr100.dll+0x21e3b]
C  [KERNEL32.DLL+0x13034]
C  [ntdll.dll+0x71461]


---------------  P R O C E S S  ---------------

Java Threads: ( => current thread )
  0x00000000228ef800 JavaThread "DestroyJavaVM" [_thread_blocked, id=13048, stack(0x0000000002ff0000,0x00000000030f0000)]
  0x00000000228f5800 JavaThread "http-nio-8080-AsyncTimeout" daemon [_thread_blocked, id=21820, stack(0x00000000259b0000,0x0000000025ab0000)]
  0x00000000228f2800 JavaThread "http-nio-8080-Acceptor-0" daemon [_thread_in_native, id=2384, stack(0x00000000258b0000,0x00000000259b0000)]
  0x00000000228ec000 JavaThread "http-nio-8080-ClientPoller-1" daemon [_thread_in_native, id=20912, stack(0x00000000257b0000,0x00000000258b0000)]
  0x00000000228eb800 JavaThread "http-nio-8080-ClientPoller-0" daemon [_thread_in_native, id=17180, stack(0x00000000256b0000,0x00000000257b0000)]
  0x00000000228ea000 JavaThread "http-nio-8080-exec-10" daemon [_thread_blocked, id=7348, stack(0x00000000255b0000,0x00000000256b0000)]
  0x00000000228e8800 JavaThread "http-nio-8080-exec-9" daemon [_thread_blocked, id=6092, stack(0x00000000254b0000,0x00000000255b0000)]
  0x00000000228ed000 JavaThread "http-nio-8080-exec-8" daemon [_thread_blocked, id=4520, stack(0x00000000253b0000,0x00000000254b0000)]
  0x00000000228e9000 JavaThread "http-nio-8080-exec-7" daemon [_thread_blocked, id=13840, stack(0x00000000252b0000,0x00000000253b0000)]
  0x00000000228e7800 JavaThread "http-nio-8080-exec-6" daemon [_thread_blocked, id=9192, stack(0x00000000251b0000,0x00000000252b0000)]
  0x00000000228ee800 JavaThread "http-nio-8080-exec-5" daemon [_thread_blocked, id=22624, stack(0x00000000250b0000,0x00000000251b0000)]
  0x00000000228ed800 JavaThread "http-nio-8080-exec-4" daemon [_thread_blocked, id=10668, stack(0x0000000024fb0000,0x00000000250b0000)]
  0x00000000228ea800 JavaThread "http-nio-8080-exec-3" daemon [_thread_blocked, id=12128, stack(0x0000000024eb0000,0x0000000024fb0000)]
  0x000000001ef30800 JavaThread "http-nio-8080-exec-2" daemon [_thread_blocked, id=15584, stack(0x0000000024db0000,0x0000000024eb0000)]
  0x000000001ef32000 JavaThread "http-nio-8080-exec-1" daemon [_thread_blocked, id=12924, stack(0x0000000024cb0000,0x0000000024db0000)]
  0x000000001ef2f800 JavaThread "NioBlockingSelector.BlockPoller-1" daemon [_thread_in_native, id=22776, stack(0x0000000024bb0000,0x0000000024cb0000)]
  0x000000001ef2f000 JavaThread "Live Reload Server" daemon [_thread_in_native, id=11032, stack(0x0000000024ab0000,0x0000000024bb0000)]
  0x000000001ef2e000 JavaThread "File Watcher" daemon [_thread_blocked, id=19240, stack(0x00000000248b0000,0x00000000249b0000)]
  0x000000001ef2c800 JavaThread "HikariPool-1 housekeeper" daemon [_thread_blocked, id=19132, stack(0x00000000236b0000,0x00000000237b0000)]
  0x0000000020ad0800 JavaThread "container-0" [_thread_blocked, id=12856, stack(0x00000000223e0000,0x00000000224e0000)]
  0x0000000020ace000 JavaThread "ContainerBackgroundProcessor[StandardEngine[Tomcat]]" daemon [_thread_blocked, id=23436, stack(0x00000000222e0000,0x00000000223e0000)]
  0x000000001ef33800 JavaThread "RMI TCP Accept-0" daemon [_thread_in_native, id=19780, stack(0x000000001f6d0000,0x000000001f7d0000)]
  0x000000001ef26000 JavaThread "RMI TCP Accept-57555" daemon [_thread_in_native, id=8072, stack(0x000000001f5d0000,0x000000001f6d0000)]
  0x000000001ef12800 JavaThread "RMI TCP Accept-0" daemon [_thread_in_native, id=12484, stack(0x000000001f4d0000,0x000000001f5d0000)]
  0x000000001e82c800 JavaThread "Service Thread" daemon [_thread_blocked, id=23496, stack(0x000000001ebd0000,0x000000001ecd0000)]
  0x000000001c95c000 JavaThread "C1 CompilerThread2" daemon [_thread_blocked, id=17624, stack(0x000000001e6d0000,0x000000001e7d0000)]
  0x000000001c956000 JavaThread "C2 CompilerThread1" daemon [_thread_blocked, id=22408, stack(0x000000001e5d0000,0x000000001e6d0000)]
  0x000000001c954000 JavaThread "C2 CompilerThread0" daemon [_thread_blocked, id=7956, stack(0x000000001e4d0000,0x000000001e5d0000)]
  0x000000001c944000 JavaThread "JDWP Command Reader" daemon [_thread_in_native, id=4784, stack(0x000000001e3d0000,0x000000001e4d0000)]
  0x000000001c943000 JavaThread "JDWP Event Helper Thread" daemon [_thread_blocked, id=23240, stack(0x000000001e2d0000,0x000000001e3d0000)]
=>0x000000001c93d000 JavaThread "JDWP Transport Listener: dt_socket" daemon [_thread_in_vm, id=16836, stack(0x000000001e1d0000,0x000000001e2d0000)]
  0x000000001c926800 JavaThread "Attach Listener" daemon [_thread_blocked, id=4508, stack(0x000000001dd90000,0x000000001de90000)]
  0x000000001c925800 JavaThread "Signal Dispatcher" daemon [_thread_blocked, id=22616, stack(0x000000001dc90000,0x000000001dd90000)]
  0x000000001c8ef000 JavaThread "Finalizer" daemon [_thread_blocked, id=20176, stack(0x000000001db90000,0x000000001dc90000)]
  0x00000000032e8800 JavaThread "Reference Handler" daemon [_thread_blocked, id=20708, stack(0x000000001da90000,0x000000001db90000)]

Other Threads:
  0x000000001c8e7800 VMThread [stack: 0x000000001d990000,0x000000001da90000] [id=2240]
  0x000000001ef3b800 WatcherThread [stack: 0x000000001f7d0000,0x000000001f8d0000] [id=1496]

VM state:not at safepoint (normal execution)

VM Mutex/Monitor currently owned by a thread: None

Heap:
 PSYoungGen      total 219648K, used 67742K [0x000000076b000000, 0x000000077c700000, 0x00000007c0000000)
  eden space 200192K, 25% used [0x000000076b000000,0x000000076e267538,0x0000000777380000)
  from space 19456K, 82% used [0x0000000777380000,0x0000000778340350,0x0000000778680000)
  to   space 20992K, 0% used [0x000000077b280000,0x000000077b280000,0x000000077c700000)
 ParOldGen       total 176640K, used 22194K [0x00000006c1000000, 0x00000006cbc80000, 0x000000076b000000)
  object space 176640K, 12% used [0x00000006c1000000,0x00000006c25ac828,0x00000006cbc80000)
 Metaspace       used 54867K, capacity 57483K, committed 57600K, reserved 1099776K
  class space    used 7409K, capacity 7891K, committed 7936K, reserved 1048576K

Card table byte_map: [0x00000000126b0000,0x0000000012eb0000] byte_map_base: 0x000000000f0a8000

Marking Bits: (ParMarkBitMap*) 0x00000000521ea5b0
 Begin Bits: [0x0000000013800000, 0x00000000177c0000)
 End Bits:   [0x00000000177c0000, 0x000000001b780000)

Polling page: 0x0000000002e30000

CodeCache: size=245760Kb used=9983Kb max_used=9987Kb free=235776Kb
 bounds [0x00000000032f0000, 0x0000000003cc0000, 0x00000000122f0000]
 total_blobs=5612 nmethods=5059 adapters=472
 compilation: enabled

Compilation events (10 events):
Event: 134.654 Thread 0x000000001c95c000 5170       1       org.apache.coyote.AbstractProtocol::access$100 (5 bytes)
Event: 134.654 Thread 0x000000001c95c000 nmethod 5170 0x0000000003b0b350 code [0x0000000003b0b4a0, 0x0000000003b0b590]
Event: 134.655 Thread 0x000000001c95c000 5171       1       org.apache.coyote.AbstractProtocol::access$200 (5 bytes)
Event: 134.655 Thread 0x000000001c95c000 nmethod 5171 0x0000000003b0b090 code [0x0000000003b0b1e0, 0x0000000003b0b2d0]
Event: 136.066 Thread 0x000000001c95c000 5172       1       sun.nio.ch.SelectorImpl::keys (28 bytes)
Event: 136.066 Thread 0x000000001c95c000 nmethod 5172 0x0000000003b0ac10 code [0x0000000003b0ad80, 0x0000000003b0af58]
Event: 136.236 Thread 0x000000001c95c000 5173       1       org.springframework.boot.devtools.filewatch.FolderSnapshot::<init> (88 bytes)
Event: 136.239 Thread 0x000000001c95c000 nmethod 5173 0x0000000003cb1d10 code [0x0000000003cb1f40, 0x0000000003cb26e8]
Event: 137.667 Thread 0x000000001c95c000 5174       1       org.springframework.boot.devtools.filewatch.FileSystemWatcher$Watcher::isDifferent (105 bytes)
Event: 137.668 Thread 0x000000001c95c000 nmethod 5174 0x0000000003cb2cd0 code [0x0000000003cb2ee0, 0x0000000003cb3308]

GC Heap History (10 events):
Event: 3.081 GC heap before
{Heap before GC invocations=7 (full 1):
 PSYoungGen      total 134656K, used 131777K [0x000000076b000000, 0x0000000775180000, 0x00000007c0000000)
  eden space 123904K, 99% used [0x000000076b000000,0x00000007728e8050,0x0000000772900000)
  from space 10752K, 74% used [0x0000000772900000,0x00000007730c8450,0x0000000773380000)
  to   space 11264K, 0% used [0x0000000774680000,0x0000000774680000,0x0000000775180000)
 ParOldGen       total 105472K, used 8259K [0x00000006c1000000, 0x00000006c7700000, 0x000000076b000000)
  object space 105472K, 7% used [0x00000006c1000000,0x00000006c1810e08,0x00000006c7700000)
 Metaspace       used 29450K, capacity 30961K, committed 31232K, reserved 1077248K
  class space    used 4022K, capacity 4324K, committed 4352K, reserved 1048576K
Event: 3.094 GC heap after
Heap after GC invocations=7 (full 1):
 PSYoungGen      total 150528K, used 11235K [0x000000076b000000, 0x0000000777e80000, 0x00000007c0000000)
  eden space 139264K, 0% used [0x000000076b000000,0x000000076b000000,0x0000000773800000)
  from space 11264K, 99% used [0x0000000774680000,0x0000000775178e98,0x0000000775180000)
  to   space 14848K, 0% used [0x0000000773800000,0x0000000773800000,0x0000000774680000)
 ParOldGen       total 105472K, used 11706K [0x00000006c1000000, 0x00000006c7700000, 0x000000076b000000)
  object space 105472K, 11% used [0x00000006c1000000,0x00000006c1b6e960,0x00000006c7700000)
 Metaspace       used 29450K, capacity 30961K, committed 31232K, reserved 1077248K
  class space    used 4022K, capacity 4324K, committed 4352K, reserved 1048576K
}
Event: 3.707 GC heap before
{Heap before GC invocations=8 (full 1):
 PSYoungGen      total 150528K, used 104637K [0x000000076b000000, 0x0000000777e80000, 0x00000007c0000000)
  eden space 139264K, 67% used [0x000000076b000000,0x0000000770b36818,0x0000000773800000)
  from space 11264K, 99% used [0x0000000774680000,0x0000000775178e98,0x0000000775180000)
  to   space 14848K, 0% used [0x0000000773800000,0x0000000773800000,0x0000000774680000)
 ParOldGen       total 105472K, used 11706K [0x00000006c1000000, 0x00000006c7700000, 0x000000076b000000)
  object space 105472K, 11% used [0x00000006c1000000,0x00000006c1b6e960,0x00000006c7700000)
 Metaspace       used 33798K, capacity 35391K, committed 35496K, reserved 1079296K
  class space    used 4489K, capacity 4833K, committed 4864K, reserved 1048576K
Event: 3.720 GC heap after
Heap after GC invocations=8 (full 1):
 PSYoungGen      total 154112K, used 14825K [0x000000076b000000, 0x0000000779c80000, 0x00000007c0000000)
  eden space 139264K, 0% used [0x000000076b000000,0x000000076b000000,0x0000000773800000)
  from space 14848K, 99% used [0x0000000773800000,0x000000077467a598,0x0000000774680000)
  to   space 17920K, 0% used [0x0000000778b00000,0x0000000778b00000,0x0000000779c80000)
 ParOldGen       total 105472K, used 13069K [0x00000006c1000000, 0x00000006c7700000, 0x000000076b000000)
  object space 105472K, 12% used [0x00000006c1000000,0x00000006c1cc35e8,0x00000006c7700000)
 Metaspace       used 33798K, capacity 35391K, committed 35496K, reserved 1079296K
  class space    used 4489K, capacity 4833K, committed 4864K, reserved 1048576K
}
Event: 3.720 GC heap before
{Heap before GC invocations=9 (full 2):
 PSYoungGen      total 154112K, used 14825K [0x000000076b000000, 0x0000000779c80000, 0x00000007c0000000)
  eden space 139264K, 0% used [0x000000076b000000,0x000000076b000000,0x0000000773800000)
  from space 14848K, 99% used [0x0000000773800000,0x000000077467a598,0x0000000774680000)
  to   space 17920K, 0% used [0x0000000778b00000,0x0000000778b00000,0x0000000779c80000)
 ParOldGen       total 105472K, used 13069K [0x00000006c1000000, 0x00000006c7700000, 0x000000076b000000)
  object space 105472K, 12% used [0x00000006c1000000,0x00000006c1cc35e8,0x00000006c7700000)
 Metaspace       used 33798K, capacity 35391K, committed 35496K, reserved 1079296K
  class space    used 4489K, capacity 4833K, committed 4864K, reserved 1048576K
Event: 3.786 GC heap after
Heap after GC invocations=9 (full 2):
 PSYoungGen      total 154112K, used 0K [0x000000076b000000, 0x0000000779c80000, 0x00000007c0000000)
  eden space 139264K, 0% used [0x000000076b000000,0x000000076b000000,0x0000000773800000)
  from space 14848K, 0% used [0x0000000773800000,0x0000000773800000,0x0000000774680000)
  to   space 17920K, 0% used [0x0000000778b00000,0x0000000778b00000,0x0000000779c80000)
 ParOldGen       total 176640K, used 22178K [0x00000006c1000000, 0x00000006cbc80000, 0x000000076b000000)
  object space 176640K, 12% used [0x00000006c1000000,0x00000006c25a8828,0x00000006cbc80000)
 Metaspace       used 33798K, capacity 35391K, committed 35496K, reserved 1079296K
  class space    used 4489K, capacity 4833K, committed 4864K, reserved 1048576K
}
Event: 5.022 GC heap before
{Heap before GC invocations=10 (full 2):
 PSYoungGen      total 154112K, used 139264K [0x000000076b000000, 0x0000000779c80000, 0x00000007c0000000)
  eden space 139264K, 100% used [0x000000076b000000,0x0000000773800000,0x0000000773800000)
  from space 14848K, 0% used [0x0000000773800000,0x0000000773800000,0x0000000774680000)
  to   space 17920K, 0% used [0x0000000778b00000,0x0000000778b00000,0x0000000779c80000)
 ParOldGen       total 176640K, used 22178K [0x00000006c1000000, 0x00000006cbc80000, 0x000000076b000000)
  object space 176640K, 12% used [0x00000006c1000000,0x00000006c25a8828,0x00000006cbc80000)
 Metaspace       used 45848K, capacity 47993K, committed 48256K, reserved 1091584K
  class space    used 6267K, capacity 6672K, committed 6784K, reserved 1048576K
Event: 5.036 GC heap after
Heap after GC invocations=10 (full 2):
 PSYoungGen      total 211456K, used 14387K [0x000000076b000000, 0x0000000779980000, 0x00000007c0000000)
  eden space 196608K, 0% used [0x000000076b000000,0x000000076b000000,0x0000000777000000)
  from space 14848K, 96% used [0x0000000778b00000,0x000000077990cca0,0x0000000779980000)
  to   space 19456K, 0% used [0x0000000777380000,0x0000000777380000,0x0000000778680000)
 ParOldGen       total 176640K, used 22186K [0x00000006c1000000, 0x00000006cbc80000, 0x000000076b000000)
  object space 176640K, 12% used [0x00000006c1000000,0x00000006c25aa828,0x00000006cbc80000)
 Metaspace       used 45848K, capacity 47993K, committed 48256K, reserved 1091584K
  class space    used 6267K, capacity 6672K, committed 6784K, reserved 1048576K
}
Event: 7.550 GC heap before
{Heap before GC invocations=11 (full 2):
 PSYoungGen      total 211456K, used 210995K [0x000000076b000000, 0x0000000779980000, 0x00000007c0000000)
  eden space 196608K, 100% used [0x000000076b000000,0x0000000777000000,0x0000000777000000)
  from space 14848K, 96% used [0x0000000778b00000,0x000000077990cca0,0x0000000779980000)
  to   space 19456K, 0% used [0x0000000777380000,0x0000000777380000,0x0000000778680000)
 ParOldGen       total 176640K, used 22186K [0x00000006c1000000, 0x00000006cbc80000, 0x000000076b000000)
  object space 176640K, 12% used [0x00000006c1000000,0x00000006c25aa828,0x00000006cbc80000)
 Metaspace       used 51554K, capacity 54055K, committed 54400K, reserved 1095680K
  class space    used 7019K, capacity 7459K, committed 7552K, reserved 1048576K
Event: 7.583 GC heap after
Heap after GC invocations=11 (full 2):
 PSYoungGen      total 219648K, used 16128K [0x000000076b000000, 0x000000077c700000, 0x00000007c0000000)
  eden space 200192K, 0% used [0x000000076b000000,0x000000076b000000,0x0000000777380000)
  from space 19456K, 82% used [0x0000000777380000,0x0000000778340350,0x0000000778680000)
  to   space 20992K, 0% used [0x000000077b280000,0x000000077b280000,0x000000077c700000)
 ParOldGen       total 176640K, used 22194K [0x00000006c1000000, 0x00000006cbc80000, 0x000000076b000000)
  object space 176640K, 12% used [0x00000006c1000000,0x00000006c25ac828,0x00000006cbc80000)
 Metaspace       used 51554K, capacity 54055K, committed 54400K, reserved 1095680K
  class space    used 7019K, capacity 7459K, committed 7552K, reserved 1048576K
}

Deoptimization events (0 events):
No events

Internal exceptions (10 events):
Event: 9.791 Thread 0x000000001ef30800 Exception <a 'java/lang/ArrayIndexOutOfBoundsException'> (0x000000076cbfd658) thrown at [C:\re\workspace\8-2-build-windows-amd64-cygwin\jdk8u66\5298\hotspot\src\share\vm\runtime\sharedRuntime.cpp, line 605]
Event: 9.793 Thread 0x000000001ef30800 Exception <a 'java/lang/ClassNotFoundException': com/fasterxml/jackson/databind/jsonFormatVisitors/JsonFormatVisitableCustomizer> (0x000000076cc28b88) thrown at [C:\re\workspace\8-2-build-windows-amd64-cygwin\jdk8u66\5298\hotspot\src\share\vm\classfile\sysê¨ød–#@
Event: 9.794 Thread 0x000000001ef30800 Exception <a 'java/lang/ClassNotFoundException': com/fasterxml/jackson/databind/jsonschema/SchemaAwareCustomizer> (0x000000076cc49a50) thrown at [C:\re\workspace\8-2-build-windows-amd64-cygwin\jdk8u66\5298\hotspot\src\share\vm\classfile\systemDictionary.cpW,ÙË–#@
Event: 9.795 Thread 0x000000001ef30800 Exception <a 'java/lang/ClassNotFoundException': com/fasterxml/jackson/databind/jsonFormatVisitors/JsonFormatVisitableCustomizer> (0x000000076cc70370) thrown at [C:\re\workspace\8-2-build-windows-amd64-cygwin\jdk8u66\5298\hotspot\src\share\vm\classfile\sysÙ´Rä–#@
Event: 9.795 Thread 0x000000001ef30800 Exception <a 'java/lang/ArrayIndexOutOfBoundsException'> (0x000000076cc748a8) thrown at [C:\re\workspace\8-2-build-windows-amd64-cygwin\jdk8u66\5298\hotspot\src\share\vm\runtime\sharedRuntime.cpp, line 605]
Event: 9.795 Thread 0x000000001ef30800 Exception <a 'java/lang/ArrayIndexOutOfBoundsException'> (0x000000076cc785b0) thrown at [C:\re\workspace\8-2-build-windows-amd64-cygwin\jdk8u66\5298\hotspot\src\share\vm\runtime\sharedRuntime.cpp, line 605]
Event: 9.795 Thread 0x000000001ef30800 Exception <a 'java/lang/ArrayIndexOutOfBoundsException'> (0x000000076cc7ce70) thrown at [C:\re\workspace\8-2-build-windows-amd64-cygwin\jdk8u66\5298\hotspot\src\share\vm\runtime\sharedRuntime.cpp, line 605]
Event: 9.795 Thread 0x000000001ef30800 Exception <a 'java/lang/ArrayIndexOutOfBoundsException'> (0x000000076cc87d90) thrown at [C:\re\workspace\8-2-build-windows-amd64-cygwin\jdk8u66\5298\hotspot\src\share\vm\runtime\sharedRuntime.cpp, line 605]
Event: 25.930 Thread 0x00000000228ea800 Exception <a 'java/lang/ArrayIndexOutOfBoundsException': 107> (0x000000076d0fb998) thrown at [C:\re\workspace\8-2-build-windows-amd64-cygwin\jdk8u66\5298\hotspot\src\share\vm\interpreter\interpreterRuntime.cpp, line 366]
Event: 46.654 Thread 0x00000000228ea800 Exception <a 'java/lang/ArrayIndexOutOfBoundsException'> (0x000000076d177940) thrown at [C:\re\workspace\8-2-build-windows-amd64-cygwin\jdk8u66\5298\hotspot\src\share\vm\runtime\sharedRuntime.cpp, line 605]

Events (10 events):
Event: 133.065 loading class java/net/SocketTimeoutException
Event: 133.065 loading class java/io/InterruptedIOException
Event: 133.065 loading class java/io/InterruptedIOException done
Event: 133.065 loading class java/net/SocketTimeoutException done
Event: 133.065 Executing VM operation: RevokeBias
Event: 133.065 Executing VM operation: RevokeBias done
Event: 133.065 Executing VM operation: RevokeBias
Event: 133.065 Executing VM operation: RevokeBias done
Event: 149.510 Executing VM operation: RedefineClasses
Event: 149.532 Executing VM operation: RedefineClasses done


Dynamic libraries:
0x00007ff6299f0000 - 0x00007ff629a27000 	C:\Program Files\Java\jre1.8.0_66\bin\javaw.exe
0x00007ffb5f530000 - 0x00007ffb5f711000 	C:\WINDOWS\SYSTEM32\ntdll.dll
0x00007ffb5dff0000 - 0x00007ffb5e0a2000 	C:\WINDOWS\System32\KERNEL32.DLL
0x00007ffb5be60000 - 0x00007ffb5c0d3000 	C:\WINDOWS\System32\KERNELBASE.dll
0x00007ffb5cb00000 - 0x00007ffb5cba1000 	C:\WINDOWS\System32\ADVAPI32.dll
0x00007ffb5f340000 - 0x00007ffb5f3de000 	C:\WINDOWS\System32\msvcrt.dll
0x00007ffb5f270000 - 0x00007ffb5f2cb000 	C:\WINDOWS\System32\sechost.dll
0x00007ffb5f060000 - 0x00007ffb5f184000 	C:\WINDOWS\System32\RPCRT4.dll
0x00007ffb5eed0000 - 0x00007ffb5f060000 	C:\WINDOWS\System32\USER32.dll
0x00007ffb5bca0000 - 0x00007ffb5bcc0000 	C:\WINDOWS\System32\win32u.dll
0x00007ffb5f230000 - 0x00007ffb5f258000 	C:\WINDOWS\System32\GDI32.dll
0x00007ffb5bcc0000 - 0x00007ffb5be52000 	C:\WINDOWS\System32\gdi32full.dll
0x00007ffb5b900000 - 0x00007ffb5b99f000 	C:\WINDOWS\System32\msvcp_win.dll
0x00007ffb5c160000 - 0x00007ffb5c25a000 	C:\WINDOWS\System32\ucrtbase.dll
0x00007ffb4f940000 - 0x00007ffb4fba9000 	C:\WINDOWS\WinSxS\amd64_microsoft.windows.common-controls_6595b64144ccf1df_6.0.17134.285_none_fb4297e330656775\COMCTL32.dll
0x00007ffb5e4a0000 - 0x00007ffb5e7c3000 	C:\WINDOWS\System32\combase.dll
0x00007ffb5c0e0000 - 0x00007ffb5c15a000 	C:\WINDOWS\System32\bcryptPrimitives.dll
0x00007ffb5f200000 - 0x00007ffb5f22d000 	C:\WINDOWS\System32\IMM32.DLL
0x0000000050b30000 - 0x0000000050c02000 	C:\Program Files\Java\jre1.8.0_66\bin\msvcr100.dll
0x00000000519e0000 - 0x0000000052269000 	C:\Program Files\Java\jre1.8.0_66\bin\server\jvm.dll
0x00007ffb5f330000 - 0x00007ffb5f338000 	C:\WINDOWS\System32\PSAPI.DLL
0x00007ffb4ca20000 - 0x00007ffb4ca29000 	C:\WINDOWS\SYSTEM32\WSOCK32.dll
0x00007ffb586a0000 - 0x00007ffb586c3000 	C:\WINDOWS\SYSTEM32\WINMM.dll
0x00007ffb5f190000 - 0x00007ffb5f1fc000 	C:\WINDOWS\System32\WS2_32.dll
0x00007ffb56c00000 - 0x00007ffb56c0a000 	C:\WINDOWS\SYSTEM32\VERSION.dll
0x00007ffb58670000 - 0x00007ffb5869a000 	C:\WINDOWS\SYSTEM32\WINMMBASE.dll
0x00007ffb5c970000 - 0x00007ffb5c9b9000 	C:\WINDOWS\System32\cfgmgr32.dll
0x00000000519d0000 - 0x00000000519df000 	C:\Program Files\Java\jre1.8.0_66\bin\verify.dll
0x00000000519a0000 - 0x00000000519c9000 	C:\Program Files\Java\jre1.8.0_66\bin\java.dll
0x0000000050920000 - 0x0000000050955000 	C:\Program Files\Java\jre1.8.0_66\bin\jdwp.dll
0x0000000052520000 - 0x0000000052528000 	C:\Program Files\Java\jre1.8.0_66\bin\npt.dll
0x0000000050c90000 - 0x0000000050ca6000 	C:\Program Files\Java\jre1.8.0_66\bin\zip.dll
0x00007ffb5cbb0000 - 0x00007ffb5dff0000 	C:\WINDOWS\System32\SHELL32.dll
0x00007ffb5ec40000 - 0x00007ffb5ece9000 	C:\WINDOWS\System32\shcore.dll
0x00007ffb5c260000 - 0x00007ffb5c96d000 	C:\WINDOWS\System32\windows.storage.dll
0x00007ffb5ee70000 - 0x00007ffb5eec1000 	C:\WINDOWS\System32\shlwapi.dll
0x00007ffb5b8c0000 - 0x00007ffb5b8d1000 	C:\WINDOWS\System32\kernel.appcore.dll
0x00007ffb5b840000 - 0x00007ffb5b85f000 	C:\WINDOWS\System32\profapi.dll
0x00007ffb5b870000 - 0x00007ffb5b8bc000 	C:\WINDOWS\System32\powrprof.dll
0x00007ffb5b860000 - 0x00007ffb5b86a000 	C:\WINDOWS\System32\FLTLIB.DLL
0x0000000050910000 - 0x0000000050919000 	C:\Program Files\Java\jre1.8.0_66\bin\dt_socket.dll
0x00007ffb33470000 - 0x00007ffb33486000 	C:\WINDOWS\system32\napinsp.dll
0x00007ffb33450000 - 0x00007ffb3346a000 	C:\WINDOWS\system32\pnrpnsp.dll
0x00007ffb55e90000 - 0x00007ffb55ea9000 	C:\WINDOWS\system32\NLAapi.dll
0x00007ffb5b070000 - 0x00007ffb5b0d6000 	C:\WINDOWS\System32\mswsock.dll
0x00007ffb5ae40000 - 0x00007ffb5aefe000 	C:\WINDOWS\SYSTEM32\DNSAPI.dll
0x00007ffb5f260000 - 0x00007ffb5f268000 	C:\WINDOWS\System32\NSI.dll
0x00007ffb5ae00000 - 0x00007ffb5ae38000 	C:\WINDOWS\SYSTEM32\IPHLPAPI.DLL
0x00007ffb33440000 - 0x00007ffb3344e000 	C:\WINDOWS\System32\winrnr.dll
0x00007ffb51ec0000 - 0x00007ffb51f32000 	C:\WINDOWS\System32\fwpuclnt.dll
0x00007ffb5b3e0000 - 0x00007ffb5b405000 	C:\WINDOWS\SYSTEM32\bcrypt.dll
0x00007ffb51280000 - 0x00007ffb5128a000 	C:\Windows\System32\rasadhlp.dll
0x0000000050c10000 - 0x0000000050c1d000 	C:\Program Files\Java\jre1.8.0_66\bin\management.dll
0x0000000050c70000 - 0x0000000050c8a000 	C:\Program Files\Java\jre1.8.0_66\bin\net.dll
0x0000000050c50000 - 0x0000000050c61000 	C:\Program Files\Java\jre1.8.0_66\bin\nio.dll
0x00007ffb5b5a0000 - 0x00007ffb5b5b7000 	C:\WINDOWS\SYSTEM32\CRYPTSP.dll
0x00007ffb5ac60000 - 0x00007ffb5ac93000 	C:\WINDOWS\system32\rsaenh.dll
0x00007ffb5b740000 - 0x00007ffb5b768000 	C:\WINDOWS\SYSTEM32\USERENV.dll
0x00007ffb5b1d0000 - 0x00007ffb5b1db000 	C:\WINDOWS\SYSTEM32\CRYPTBASE.dll
0x00007ffb55a10000 - 0x00007ffb55a26000 	C:\WINDOWS\SYSTEM32\dhcpcsvc6.DLL
0x00007ffb559c0000 - 0x00007ffb559da000 	C:\WINDOWS\SYSTEM32\dhcpcsvc.DLL
0x00007ffb55a60000 - 0x00007ffb55c29000 	C:\WINDOWS\SYSTEM32\dbghelp.dll

VM Arguments:
jvm_args: -agentlib:jdwp=transport=dt_socket,suspend=y,address=localhost:57556 -Dcom.sun.management.jmxremote -Dcom.sun.management.jmxremote.port=57555 -Dcom.sun.management.jmxremote.authenticate=false -Dcom.sun.management.jmxremote.ssl=false -Djava.rmi.server.hostname=localhost -Dspring.liveBeansView.mbeanDomain -Dspring.application.admin.enabled=true -Xverify:none -XX:TieredStopAtLevel=1 -Dfile.encoding=Cp1252 
java_command: us.zacharymaddox.scorecard.ScoreCardApplication --spring.profiles.active=test-app --spring.output.ansi.enabled=always
java_class_path (initial): C:\Program Files\Java\jre1.8.0_66\lib\resources.jar;C:\Program Files\Java\jre1.8.0_66\lib\rt.jar;C:\Program Files\Java\jre1.8.0_66\lib\jsse.jar;C:\Program Files\Java\jre1.8.0_66\lib\jce.jar;C:\Program Files\Java\jre1.8.0_66\lib\charsets.jar;C:\Program Files\Java\jre1.8.0_66\lib\jfr.jar;C:\Program Files\Java\jre1.8.0_66\lib\ext\access-bridge-64.jar;C:\Program Files\Java\jre1.8.0_66\lib\ext\cldrdata.jar;C:\Program Files\Java\jre1.8.0_66\lib\ext\dnsns.jar;C:\Program Files\Java\jre1.8.0_66\lib\ext\jaccess.jar;C:\Program Files\Java\jre1.8.0_66\lib\ext\jfxrt.jar;C:\Program Files\Java\jre1.8.0_66\lib\ext\localedata.jar;C:\Program Files\Java\jre1.8.0_66\lib\ext\nashorn.jar;C:\Program Files\Java\jre1.8.0_66\lib\ext\sunec.jar;C:\Program Files\Java\jre1.8.0_66\lib\ext\sunjce_provider.jar;C:\Program Files\Java\jre1.8.0_66\lib\ext\sunmscapi.jar;C:\Program Files\Java\jre1.8.0_66\lib\ext\sunpkcs11.jar;C:\Program Files\Java\jre1.8.0_66\lib\ext\zipfs.jar;C:\Users\Zach\Desktop\Repos\score-card\bin\main;C:\Users\Zach\Desktop\Repos\score-card\bin\test;\score-card\bin\default;C:\Users\Zach\.gradle\caches\modules-2\files-2.1\org.springframework.boot\spring-boot-starter-activemq\2.0.5.RELEASE\14a6fb9c9a796145742d1da16dedc4f068b1cd9\spring-boot-starter-activemq-2.0.5.RELEASE.jar;C:\Users\Zach\.gradle\caches\modules-2\files-2.1\org.apache.activemq\activemq-broker\5.15.6\4b7414a4f5d6446678f4d4bc3e0ce45fd5ace0fe\activemq-broker-5.15.6.jar;C:\Users\Zach\.gradle\caches\modules-2\files-2.1\org.springframework.boot\spring-boot-starter-web\2.0.5.RELEASE\52daa1f1509bd637a737206e54c06a17aabb9504\spring-boot-starter-web-2.0.5.RELEASE.jar;C:\Users\Zach\.gradle\caches\modules-2\files-2.1\org.springframework.boot\spring-boot-starter-data-jpa\2.0.5.RELEASE\c99b58e8ada11478aa5d0c3065745b7e887f094e\spring-boot-starter-data-jpa-2.0.5.RELEASE.jar;C:\Users\Zach\.gradle\caches\modules-2\files-2.1\org.springframework.boot\spring-boot-devtools\2.0.5.RELEASE\9bd89be8e5d96477f8dd846fea
Launcher Type: SUN_STANDARD

Environment Variables:
JAVA_HOME=C:\Program Files\Java\jdk1.8.0_65
PATH=C:/Program Files/Java/jre1.8.0_66/bin/server;C:/Program Files/Java/jre1.8.0_66/bin;C:/Program Files/Java/jre1.8.0_66/lib/amd64;C:\Program Files\Docker\Docker\Resources\bin;C:\Program Files (x86)\Microsoft SDKs\Azure\CLI2\wbin;C:\Python36\Scripts\;C:\Python36\;C:\Program Files (x86)\Intel\iCLS Client\;C:\Program Files\Intel\iCLS Client\;C:\ProgramData\Oracle\Java\javapath;C:\Windows\system32;C:\Windows;C:\Windows\System32\Wbem;C:\Windows\System32\WindowsPowerShell\v1.0\;C:\Program Files (x86)\Intel\Intel(R) Management Engine Components\DAL;C:\Program Files\Intel\Intel(R) Management Engine Components\DAL;C:\Program Files (x86)\Intel\Intel(R) Management Engine Components\IPT;C:\Program Files\Intel\Intel(R) Management Engine Components\IPT;C:\Program Files (x86)\CloudFoundry;C:\apache-maven-3.3.9\bin;C:\Program Files\Git\cmd;C:\OpenSSL-Win64\bin;C:\Program Files\Java\jdk1.8.0_65\bin;C:\WINDOWS\system32;C:\WINDOWS;C:\WINDOWS\System32\Wbem;C:\WINDOWS\System32\WindowsPowerShell\v1.0\;C:\Users\Zach\.dnx\bin;C:\Program Files\Microsoft DNX\Dnvm\;C:\Program Files (x86)\NVIDIA Corporation\PhysX\Common;C:\Android;C:\WINDOWS\system32;C:\WINDOWS;C:\WINDOWS\System32\Wbem;C:\WINDOWS\System32\WindowsPowerShell\v1.0\;C:\WINDOWS\System32\OpenSSH\;C:\ProgramData\chocolatey\bin;;C:\Program Files\nodejs\;C:\Users\Zach\AppData\Local\Android\sdk\platform-tools;C:\Users\Zach\AppData\Local\Microsoft\WindowsApps;C:\Users\Zach\spring-boot-cli-1.5.2.RELEASE-bin\spring-1.5.2.RELEASE\bin;C:\Users\Zach\AppData\Local\Microsoft\WindowsApps;C:\Program Files\Microsoft VS Code\bin;c:\users\zach\AppData\Roaming\Python\Python36\Scripts;C:\curl\;C:\kubectl\;C:\minikube\;C:\apache-jmeter-4.0\bin\;C:\Users\Zach\AppData\Local\Google\Cloud SDK\google-cloud-sdk\bin;C:\Users\Zach\AppData\Roaming\npm;C:\Users\Zach\AppData\Local\Programs\Microsoft VS Code\bin;C:\Program Files\sts-bundle\sts-3.9.2.RELEASE;
USERNAME=Zach
OS=Windows_NT
PROCESSOR_IDENTIFIER=Intel64 Family 6 Model 60 Stepping 3, GenuineIntel



---------------  S Y S T E M  ---------------

OS: Windows 10.0 , 64 bit Build 17134 (10.0.17134.1)

CPU:total 4 (4 cores per cpu, 1 threads per core) family 6 model 60 stepping 3, cmov, cx8, fxsr, mmx, sse, sse2, sse3, ssse3, sse4.1, sse4.2, popcnt, avx, avx2, aes, clmul, erms, lzcnt, tsc, tscinvbit, bmi1, bmi2

Memory: 4k page, physical 16711068k(8758160k free), swap 19201436k(7968848k free)

vm_info: Java HotSpot(TM) 64-Bit Server VM (25.66-b18) for windows-amd64 JRE (1.8.0_66-b18), built on Nov  9 2015 10:51:13 by "java_re" with MS VC++ 10.0 (VS2010)

time: Fri Sep 21 09:12:42 2018
elapsed time: 149 seconds (0d 0h 2m 29s)

